<?xml version="1.0" encoding="UTF-8"?>
<!-- Generated by org.testng.reporters.JUnitXMLReporter -->
<testsuite hostname="NTTDATA608432" name="WeatherApiTest" tests="4" failures="0" timestamp="5 Sep 2017 21:05:45 GMT" time="2.55" errors="0">
  <testcase name="checkDescription" time="1.043" classname="com.kamala.test.WeatherApiTest"/>
  <testcase name="checkMainSky" time="0.421" classname="com.kamala.test.WeatherApiTest"/>
  <testcase name="checkStaus" time="0.642" classname="com.kamala.test.WeatherApiTest"/>
  <testcase name="testAppISO" time="0.443" classname="com.kamala.test.WeatherApiTest"/>
</testsuite> <!-- WeatherApiTest -->
