<?xml version="1.0" encoding="UTF-8" ?>
<testsuite tests="16" failures="1" name="TestSuite" time="15.809" errors="0" skipped="0">
  <properties>
[...]
</properties>
  <testcase classname="com.kamala.test.CountryApiTest" name="checkLength" time="4.223"/>
  <testcase classname="com.kamala.test.CountryApiTest" name="httpscodevalidation" time="0.907"/>
  <testcase classname="com.kamala.test.CountryApiTest" name="noMatchcountyFound" time="0.477"/>
  <testcase classname="com.kamala.test.CountryApiTest" name="parametersTest" time="1.316"/>
  <testcase classname="com.kamala.test.CountryApiTest" name="restTest" time="0.722"/>
  <testcase classname="com.kamala.test.CountryApiTest" name="restTestall" time="0.771"/>
  <testcase classname="com.kamala.test.CountryApiTest" name="searchByState" time="0.84"/>
  <testcase classname="com.kamala.test.CountryApiTest" name="testISO" time="0.722"/>
  <testcase classname="com.kamala.test.CountryApiTest" name="testReturnCode" time="0.754"/>
  <testcase classname="com.kamala.test.CountryApiTest" name="testUK" time="0.465">
    <failure message="1 expectation failed.
JSON path RestResponse.result[234].name doesn&apos;t match.
Expected: United Kingdom of Great Britain
  Actual: United Kingdom of Great Britain and Northern Ireland
" type="java.lang.AssertionError">java.lang.AssertionError: 1 expectation failed.
JSON path RestResponse.result[234].name doesn&apos;t match.
Expected: United Kingdom of Great Britain
  Actual: United Kingdom of Great Britain and Northern Ireland

	at sun.reflect.NativeConstructorAccessorImpl.newInstance0(Native Method)
	at sun.reflect.NativeConstructorAccessorImpl.newInstance(NativeConstructorAccessorImpl.java:62)
	at sun.reflect.DelegatingConstructorAccessorImpl.newInstance(DelegatingConstructorAccessorImpl.java:45)
	at java.lang.reflect.Constructor.newInstance(Constructor.java:423)
	at org.codehaus.groovy.reflection.CachedConstructor.invoke(CachedConstructor.java:83)
	at org.codehaus.groovy.reflection.CachedConstructor.doConstructorInvoke(CachedConstructor.java:77)
	at org.codehaus.groovy.runtime.callsite.ConstructorSite$ConstructorSiteNoUnwrap.callConstructor(ConstructorSite.java:84)
	at org.codehaus.groovy.runtime.callsite.CallSiteArray.defaultCallConstructor(CallSiteArray.java:60)
	at org.codehaus.groovy.runtime.callsite.AbstractCallSite.callConstructor(AbstractCallSite.java:235)
	at org.codehaus.groovy.runtime.callsite.AbstractCallSite.callConstructor(AbstractCallSite.java:247)
	at io.restassured.internal.ResponseSpecificationImpl$HamcrestAssertionClosure.validate(ResponseSpecificationImpl.groovy:471)
	at io.restassured.internal.ResponseSpecificationImpl$HamcrestAssertionClosure$validate$1.call(Unknown Source)
	at io.restassured.internal.ResponseSpecificationImpl.validateResponseIfRequired(ResponseSpecificationImpl.groovy:636)
	at sun.reflect.NativeMethodAccessorImpl.invoke0(Native Method)
	at sun.reflect.NativeMethodAccessorImpl.invoke(NativeMethodAccessorImpl.java:62)
	at sun.reflect.DelegatingMethodAccessorImpl.invoke(DelegatingMethodAccessorImpl.java:43)
	at java.lang.reflect.Method.invoke(Method.java:498)
	at org.codehaus.groovy.runtime.callsite.PogoMetaMethodSite$PogoCachedMethodSiteNoUnwrapNoCoerce.invoke(PogoMetaMethodSite.java:210)
	at org.codehaus.groovy.runtime.callsite.PogoMetaMethodSite.callCurrent(PogoMetaMethodSite.java:59)
	at org.codehaus.groovy.runtime.callsite.AbstractCallSite.callCurrent(AbstractCallSite.java:166)
	at io.restassured.internal.ResponseSpecificationImpl.content(ResponseSpecificationImpl.groovy:265)
	at io.restassured.specification.ResponseSpecification$content$0.callCurrent(Unknown Source)
	at io.restassured.internal.ResponseSpecificationImpl.body(ResponseSpecificationImpl.groovy:248)
	at io.restassured.internal.ValidatableResponseOptionsImpl.body(ValidatableResponseOptionsImpl.java:268)
	at com.kamala.test.CountryApiTest.testUK(CountryApiTest.java:54)
</failure>
  </testcase>
  <testcase classname="com.kamala.test.CountryApiTest" name="testUSA" time="2.637"/>
  <testcase classname="com.kamala.test.WeatherApiTest" name="checkDescription" time="0.007"/>
  <testcase classname="com.kamala.test.WeatherApiTest" name="checkMainSky" time="0.008"/>
  <testcase classname="com.kamala.test.WeatherApiTest" name="checkStaus" time="0.395"/>
  <testcase classname="com.kamala.test.WeatherApiTest" name="testAppISO" time="0.444"/>
  <testcase classname="com.kamala.test.CustomerApiTest" name="xmlResponsesbody" time="1.121"/>
</testsuite>