<?xml version="1.0" encoding="UTF-8"?>
<testng-results skipped="0" failed="0" total="2" passed="2">
  <reporter-output>
  </reporter-output>
  <suite name="Default suite" duration-ms="2695" started-at="2017-09-05T20:45:11Z" finished-at="2017-09-05T20:45:14Z">
    <groups>
    </groups>
    <test name="Default test" duration-ms="2695" started-at="2017-09-05T20:45:11Z" finished-at="2017-09-05T20:45:14Z">
      <class name="com.kamala.test.CountryApiTest">
        <test-method status="PASS" signature="restTestall()[pri:0, instance:com.kamala.test.CountryApiTest@7cc0cdad]" name="restTestall" duration-ms="1820" started-at="2017-09-05T15:45:11Z" finished-at="2017-09-05T15:45:13Z">
          <reporter-output>
          </reporter-output>
        </test-method> <!-- restTestall -->
        <test-method status="PASS" signature="searchByState()[pri:0, instance:com.kamala.test.CountryApiTest@7cc0cdad]" name="searchByState" duration-ms="855" started-at="2017-09-05T15:45:13Z" finished-at="2017-09-05T15:45:14Z">
          <reporter-output>
          </reporter-output>
        </test-method> <!-- searchByState -->
      </class> <!-- com.kamala.test.CountryApiTest -->
    </test> <!-- Default test -->
  </suite> <!-- Default suite -->
</testng-results>
